0 info it worked if it ends with ok
1 verbose cli [ '/usr/bin/nodejs', '/usr/bin/npm', 'run', 'build' ]
2 info using npm@3.10.10
3 info using node@v6.11.0
4 verbose run-script [ 'prebuild', 'build', 'postbuild' ]
5 info lifecycle add-style@1.0.0~prebuild: add-style@1.0.0
6 silly lifecycle add-style@1.0.0~prebuild: no script for prebuild, continuing
7 info lifecycle add-style@1.0.0~build: add-style@1.0.0
8 verbose lifecycle add-style@1.0.0~build: unsafe-perm in lifecycle true
9 verbose lifecycle add-style@1.0.0~build: PATH: /usr/lib/node_modules/npm/bin/node-gyp-bin:/home/cdhoward/git/add/add-style/node_modules/.bin:/usr/lib/node_modules/npm/bin/node-gyp-bin:/home/cdhoward/git/add/add-style/node_modules/.bin:/home/cdhoward/.cargo/bin:/home/cdhoward/bin:/home/cdhoward/.local/bin:/home/cdhoward/.cargo/bin:/home/cdhoward/bin:/home/cdhoward/.local/bin:/usr/local/sbin:/usr/local/bin:/usr/sbin:/usr/bin:/sbin:/bin:/usr/games:/usr/local/games:/snap/bin:/usr/lib/jvm/java-8-oracle/bin:/usr/lib/jvm/java-8-oracle/db/bin:/usr/lib/jvm/java-8-oracle/jre/bin:/home/cdhoward/n/bin:/snap/bin:/usr/lib/jvm/java-8-oracle/bin:/usr/lib/jvm/java-8-oracle/db/bin:/usr/lib/jvm/java-8-oracle/jre/bin
10 verbose lifecycle add-style@1.0.0~build: CWD: /home/cdhoward/git/add/add-style
11 silly lifecycle add-style@1.0.0~build: Args: [ '-c',
11 silly lifecycle   'node-sass --output-style expanded --source-map true --source-map-contents true --precision 6 style.scss dist/add-style.css' ]
12 silly lifecycle add-style@1.0.0~build: Returned: code: 1  signal: null
13 info lifecycle add-style@1.0.0~build: Failed to exec build script
14 verbose stack Error: add-style@1.0.0 build: `node-sass --output-style expanded --source-map true --source-map-contents true --precision 6 style.scss dist/add-style.css`
14 verbose stack Exit status 1
14 verbose stack     at EventEmitter.<anonymous> (/usr/lib/node_modules/npm/lib/utils/lifecycle.js:255:16)
14 verbose stack     at emitTwo (events.js:106:13)
14 verbose stack     at EventEmitter.emit (events.js:191:7)
14 verbose stack     at ChildProcess.<anonymous> (/usr/lib/node_modules/npm/lib/utils/spawn.js:40:14)
14 verbose stack     at emitTwo (events.js:106:13)
14 verbose stack     at ChildProcess.emit (events.js:191:7)
14 verbose stack     at maybeClose (internal/child_process.js:891:16)
14 verbose stack     at Process.ChildProcess._handle.onexit (internal/child_process.js:226:5)
15 verbose pkgid add-style@1.0.0
16 verbose cwd /home/cdhoward/git/add/add-style
17 error Linux 4.4.0-89-generic
18 error argv "/usr/bin/nodejs" "/usr/bin/npm" "run" "build"
19 error node v6.11.0
20 error npm  v3.10.10
21 error code ELIFECYCLE
22 error add-style@1.0.0 build: `node-sass --output-style expanded --source-map true --source-map-contents true --precision 6 style.scss dist/add-style.css`
22 error Exit status 1
23 error Failed at the add-style@1.0.0 build script 'node-sass --output-style expanded --source-map true --source-map-contents true --precision 6 style.scss dist/add-style.css'.
23 error Make sure you have the latest version of node.js and npm installed.
23 error If you do, this is most likely a problem with the add-style package,
23 error not with npm itself.
23 error Tell the author that this fails on your system:
23 error     node-sass --output-style expanded --source-map true --source-map-contents true --precision 6 style.scss dist/add-style.css
23 error You can get information on how to open an issue for this project with:
23 error     npm bugs add-style
23 error Or if that isn't available, you can get their info via:
23 error     npm owner ls add-style
23 error There is likely additional logging output above.
24 verbose exit [ 1, true ]
